g:\mission\cpplearning\面试基础\search\debug\search.pch
g:\mission\cpplearning\面试基础\search\debug\vc140.pdb
g:\mission\cpplearning\面试基础\search\debug\vc140.idb
g:\mission\cpplearning\面试基础\search\debug\stdafx.obj
g:\mission\cpplearning\面试基础\search\debug\binary_search.obj
g:\mission\cpplearning\面试基础\search\debug\block_search.obj
g:\mission\cpplearning\面试基础\search\debug\fibonacci_search.obj
g:\mission\cpplearning\面试基础\search\debug\hash_search.obj
g:\mission\cpplearning\面试基础\search\debug\insertion_search.obj
g:\mission\cpplearning\面试基础\search\debug\search_main.obj
g:\mission\cpplearning\面试基础\search\debug\sequence_search.obj
g:\mission\cpplearning\面试基础\search\debug\tree_search.obj
g:\mission\cpplearning\basicknowledge\search\debug\search.pch
g:\mission\cpplearning\basicknowledge\search\debug\vc140.pdb
g:\mission\cpplearning\basicknowledge\search\debug\vc140.idb
g:\mission\cpplearning\basicknowledge\search\debug\stdafx.obj
g:\mission\cpplearning\basicknowledge\search\debug\binary_search.obj
g:\mission\cpplearning\basicknowledge\search\debug\block_search.obj
g:\mission\cpplearning\basicknowledge\search\debug\fibonacci_search.obj
g:\mission\cpplearning\basicknowledge\search\debug\hash_search.obj
g:\mission\cpplearning\basicknowledge\search\debug\insertion_search.obj
g:\mission\cpplearning\basicknowledge\search\debug\search_main.obj
g:\mission\cpplearning\basicknowledge\search\debug\sequence_search.obj
g:\mission\cpplearning\basicknowledge\search\debug\tree_search.obj
g:\mission\cpplearning\面试基础\debug\search.ilk
g:\mission\cpplearning\面试基础\debug\search.exe
g:\mission\cpplearning\面试基础\debug\search.pdb
g:\mission\cpplearning\basicknowledge\debug\search.ilk
g:\mission\cpplearning\basicknowledge\debug\search.exe
g:\mission\cpplearning\basicknowledge\debug\search.pdb
g:\mission\cpplearning\basicknowledge\search\debug\search.tlog\cl.command.1.tlog
g:\mission\cpplearning\basicknowledge\search\debug\search.tlog\cl.read.1.tlog
g:\mission\cpplearning\basicknowledge\search\debug\search.tlog\cl.write.1.tlog
g:\mission\cpplearning\basicknowledge\search\debug\search.tlog\link.command.1.tlog
g:\mission\cpplearning\basicknowledge\search\debug\search.tlog\link.read.1.tlog
g:\mission\cpplearning\basicknowledge\search\debug\search.tlog\link.write.1.tlog
