g:\mission\cpplearning\算法\排序\debug\sort.pch
g:\mission\cpplearning\算法\排序\debug\vc140.pdb
g:\mission\cpplearning\算法\排序\debug\vc140.idb
g:\mission\cpplearning\算法\排序\debug\stdafx.obj
g:\mission\cpplearning\算法\排序\debug\sort.pdb
g:\mission\cpplearning\算法\排序\debug\sort.idb
g:\mission\cpplearning\算法\排序\debug\swap_sort.obj
g:\mission\cpplearning\算法\排序\debug\insertion_sort.obj
g:\mission\cpplearning\算法\排序\debug\merge_sort.obj
g:\mission\cpplearning\算法\排序\debug\selection_sort.obj
g:\mission\cpplearning\算法\排序\debug\sort_main.obj
g:\mission\cpplearning\算法\debug\sort.lib
g:\mission\cpplearning\算法\debug\sort.ilk
g:\mission\cpplearning\算法\debug\sort.exe
g:\mission\cpplearning\算法\debug\sort.pdb
g:\mission\cpplearning\算法\排序\debug\sort.tlog\cl.command.1.tlog
g:\mission\cpplearning\算法\排序\debug\sort.tlog\cl.read.1.tlog
g:\mission\cpplearning\算法\排序\debug\sort.tlog\cl.write.1.tlog
g:\mission\cpplearning\算法\排序\debug\sort.tlog\lib-link.read.1.tlog
g:\mission\cpplearning\算法\排序\debug\sort.tlog\lib-link.write.1.tlog
g:\mission\cpplearning\算法\排序\debug\sort.tlog\lib.command.1.tlog
g:\mission\cpplearning\算法\排序\debug\sort.tlog\link.command.1.tlog
g:\mission\cpplearning\算法\排序\debug\sort.tlog\link.read.1.tlog
g:\mission\cpplearning\算法\排序\debug\sort.tlog\link.write.1.tlog
